\BOOKMARK [1][-]{section.1}{\376\377\000I\000n\000t\000r\000o\000d\000u\000c\000c\000i\000\363\000n}{}% 1
\BOOKMARK [1][-]{section.2}{\376\377\000M\000a\000r\000c\000o\000\040\000t\000e\000\363\000r\000i\000c\000o}{}% 2
\BOOKMARK [2][-]{subsection.2.1}{\376\377\000M\000\351\000t\000o\000d\000o\000s\000\040\000d\000e\000\040\000t\000r\000a\000n\000s\000f\000o\000r\000m\000a\000c\000i\000\363\000n\000\040\000d\000e\000\040\000d\000i\000s\000t\000r\000i\000b\000u\000c\000i\000o\000n\000e\000s}{section.2}% 3
\BOOKMARK [3][-]{subsubsection.2.1.1}{\376\377\000T\000r\000a\000n\000s\000f\000o\000r\000m\000a\000d\000a\000\040\000i\000n\000v\000e\000r\000s\000a}{subsection.2.1}% 4
\BOOKMARK [3][-]{subsubsection.2.1.2}{\376\377\000M\000\351\000t\000o\000d\000o\000\040\000d\000e\000\040\000R\000e\000c\000h\000a\000z\000o}{subsection.2.1}% 5
\BOOKMARK [2][-]{subsection.2.2}{\376\377\000T\000e\000s\000t\000s\000\040\000u\000t\000i\000l\000i\000z\000a\000d\000o\000s}{section.2}% 6
\BOOKMARK [3][-]{subsubsection.2.2.1}{\376\377\000T\000e\000s\000t\000\040\000d\000e\000\040\000K\000o\000l\000m\000o\000g\000o\000r\000o\000v\000-\000S\000m\000i\000r\000n\000o\000v}{subsection.2.2}% 7
\BOOKMARK [1][-]{section.3}{\376\377\000D\000i\000s\000t\000r\000i\000b\000u\000c\000i\000o\000n\000e\000s\000\040\000C\000o\000n\000t\000i\000n\000u\000a\000s}{}% 8
\BOOKMARK [2][-]{subsection.3.1}{\376\377\000D\000i\000s\000t\000r\000i\000b\000u\000c\000i\000\363\000n\000\040\000U\000n\000i\000f\000o\000r\000m\000e}{section.3}% 9
\BOOKMARK [3][-]{subsubsection.3.1.1}{\376\377\000T\000r\000a\000n\000s\000f\000o\000r\000m\000a\000d\000a\000\040\000I\000n\000v\000e\000r\000s\000a}{subsection.3.1}% 10
\BOOKMARK [3][-]{subsubsection.3.1.2}{\376\377\000M\000\351\000t\000o\000d\000o\000\040\000d\000e\000\040\000R\000e\000c\000h\000a\000z\000o}{subsection.3.1}% 11
\BOOKMARK [3][-]{subsubsection.3.1.3}{\376\377\000V\000i\000s\000u\000a\000l\000i\000z\000a\000c\000i\000\363\000n\000\040\000y\000\040\000T\000e\000s\000t\000e\000o}{subsection.3.1}% 12
\BOOKMARK [3][-]{subsubsection.3.1.4}{\376\377\000A\000n\000\341\000l\000i\000s\000i\000s\000\040\000C\000o\000m\000p\000a\000r\000a\000t\000i\000v\000o}{subsection.3.1}% 13
\BOOKMARK [2][-]{subsection.3.2}{\376\377\000D\000i\000s\000t\000r\000i\000b\000u\000c\000i\000\363\000n\000\040\000E\000x\000p\000o\000n\000e\000n\000c\000i\000a\000l}{section.3}% 14
\BOOKMARK [3][-]{subsubsection.3.2.1}{\376\377\000T\000r\000a\000n\000s\000f\000o\000r\000m\000a\000d\000a\000\040\000I\000n\000v\000e\000r\000s\000a}{subsection.3.2}% 15
\BOOKMARK [3][-]{subsubsection.3.2.2}{\376\377\000M\000\351\000t\000o\000d\000o\000\040\000d\000e\000\040\000R\000e\000c\000h\000a\000z\000o}{subsection.3.2}% 16
\BOOKMARK [3][-]{subsubsection.3.2.3}{\376\377\000A\000n\000\341\000l\000i\000s\000i\000s\000\040\000c\000o\000m\000p\000a\000r\000a\000t\000i\000v\000o}{subsection.3.2}% 17
\BOOKMARK [1][-]{section.4}{\376\377\000D\000i\000s\000t\000r\000i\000b\000u\000c\000i\000\363\000n\000\040\000G\000a\000m\000m\000a}{}% 18
\BOOKMARK [2][-]{subsection.4.1}{\376\377\000I\000n\000t\000r\000o\000d\000u\000c\000c\000i\000\363\000n\000\040\000t\000e\000\363\000r\000i\000c\000a}{section.4}% 19
\BOOKMARK [2][-]{subsection.4.2}{\376\377\000M\000\351\000t\000o\000d\000o\000\040\000d\000e\000l\000\040\000r\000e\000c\000h\000a\000z\000o}{section.4}% 20
\BOOKMARK [2][-]{subsection.4.3}{\376\377\000T\000e\000s\000t\000\040\000e\000s\000t\000a\000d\000\355\000s\000t\000i\000c\000o\000\040\000y\000\040\000r\000e\000s\000u\000l\000t\000a\000d\000o\000s\000\040\000v\000i\000s\000u\000a\000l\000e\000s}{section.4}% 21
\BOOKMARK [2][-]{subsection.4.4}{\376\377\000D\000i\000s\000t\000r\000i\000b\000u\000c\000i\000\363\000n\000\040\000N\000o\000r\000m\000a\000l}{section.4}% 22
\BOOKMARK [3][-]{subsubsection.4.4.1}{\376\377\000T\000r\000a\000n\000s\000f\000o\000r\000m\000a\000d\000a\000\040\000I\000n\000v\000e\000r\000s\000a}{subsection.4.4}% 23
\BOOKMARK [3][-]{subsubsection.4.4.2}{\376\377\000M\000\351\000t\000o\000d\000o\000\040\000d\000e\000\040\000R\000e\000c\000h\000a\000z\000o}{subsection.4.4}% 24
\BOOKMARK [3][-]{subsubsection.4.4.3}{\376\377\000V\000i\000s\000u\000a\000l\000i\000z\000a\000c\000i\000\363\000n\000\040\000y\000\040\000T\000e\000s\000t\000e\000o}{subsection.4.4}% 25
\BOOKMARK [3][-]{subsubsection.4.4.4}{\376\377\000A\000n\000\341\000l\000i\000s\000i\000s\000\040\000C\000o\000m\000p\000a\000r\000a\000t\000i\000v\000o}{subsection.4.4}% 26
\BOOKMARK [1][-]{section.5}{\376\377\000D\000i\000s\000t\000r\000i\000b\000u\000c\000i\000o\000n\000e\000s\000\040\000D\000i\000s\000c\000r\000e\000t\000a\000s}{}% 27
\BOOKMARK [1][-]{section.6}{\376\377\000D\000i\000s\000t\000r\000i\000b\000u\000c\000i\000\363\000n\000\040\000P\000a\000s\000c\000a\000l\000\040\000\050\000B\000i\000n\000o\000m\000i\000a\000l\000\040\000N\000e\000g\000a\000t\000i\000v\000a\000\051}{}% 28
\BOOKMARK [2][-]{subsection.6.1}{\376\377\000I\000n\000t\000r\000o\000d\000u\000c\000c\000i\000\363\000n\000\040\000t\000e\000\363\000r\000i\000c\000a}{section.6}% 29
\BOOKMARK [2][-]{subsection.6.2}{\376\377\000M\000\351\000t\000o\000d\000o\000\040\000d\000e\000\040\000r\000e\000c\000h\000a\000z\000o\000\040\000y\000\040\000r\000e\000l\000a\000c\000i\000\363\000n\000\040\000c\000o\000n\000\040\000l\000a\000\040\000d\000i\000s\000t\000r\000i\000b\000u\000c\000i\000\363\000n\000\040\000g\000e\000o\000m\000\351\000t\000r\000i\000c\000a}{section.6}% 30
\BOOKMARK [2][-]{subsection.6.3}{\376\377\000R\000e\000s\000u\000l\000t\000a\000d\000o\000s}{section.6}% 31
\BOOKMARK [2][-]{subsection.6.4}{\376\377\000T\000e\000s\000t\000\040\000v\000i\000s\000u\000a\000l}{section.6}% 32
\BOOKMARK [2][-]{subsection.6.5}{\376\377\000D\000i\000s\000t\000r\000i\000b\000u\000c\000i\000\363\000n\000\040\000B\000i\000n\000o\000m\000i\000a\000l}{section.6}% 33
\BOOKMARK [3][-]{subsubsection.6.5.1}{\376\377\000T\000r\000a\000n\000s\000f\000o\000r\000m\000a\000d\000a\000\040\000I\000n\000v\000e\000r\000s\000a}{subsection.6.5}% 34
\BOOKMARK [3][-]{subsubsection.6.5.2}{\376\377\000M\000\351\000t\000o\000d\000o\000\040\000d\000e\000\040\000R\000e\000c\000h\000a\000z\000o}{subsection.6.5}% 35
\BOOKMARK [3][-]{subsubsection.6.5.3}{\376\377\000V\000i\000s\000u\000a\000l\000i\000z\000a\000c\000i\000\363\000n\000\040\000y\000\040\000T\000e\000s\000t\000e\000o}{subsection.6.5}% 36
\BOOKMARK [3][-]{subsubsection.6.5.4}{\376\377\000A\000n\000\341\000l\000i\000s\000i\000s\000\040\000C\000o\000m\000p\000a\000r\000a\000t\000i\000v\000o}{subsection.6.5}% 37
\BOOKMARK [2][-]{subsection.6.6}{\376\377\000D\000i\000s\000t\000r\000i\000b\000u\000c\000i\000\363\000n\000\040\000d\000e\000\040\000P\000o\000i\000s\000s\000o\000n}{section.6}% 38
\BOOKMARK [3][-]{subsubsection.6.6.1}{\376\377\000M\000\351\000t\000o\000d\000o\000\040\000d\000e\000\040\000R\000e\000c\000h\000a\000z\000o}{subsection.6.6}% 39
\BOOKMARK [3][-]{subsubsection.6.6.2}{\376\377\000V\000i\000s\000u\000a\000l\000i\000z\000a\000c\000i\000\363\000n\000\040\000y\000\040\000T\000e\000s\000t\000e\000o}{subsection.6.6}% 40
\BOOKMARK [3][-]{subsubsection.6.6.3}{\376\377\000A\000n\000\341\000l\000i\000s\000i\000s\000\040\000C\000o\000m\000p\000a\000r\000a\000t\000i\000v\000o}{subsection.6.6}% 41
\BOOKMARK [2][-]{subsection.6.7}{\376\377\000P\000r\000u\000e\000b\000a\000\040\000d\000e\000\040\000K\000o\000l\000m\000o\000g\000o\000r\000o\000v\000-\000S\000m\000i\000r\000n\000o\000v}{section.6}% 42
\BOOKMARK [2][-]{subsection.6.8}{\376\377\000P\000r\000u\000e\000b\000a\000\040\000d\000e\000\040\000C\000h\000i\000-\000c\000u\000a\000d\000r\000a\000d\000o}{section.6}% 43
\BOOKMARK [2][-]{subsection.6.9}{\376\377\000C\000o\000n\000c\000l\000u\000s\000i\000\363\000n}{section.6}% 44
\BOOKMARK [2][-]{subsection.6.10}{\376\377\000D\000i\000s\000t\000r\000i\000b\000u\000c\000i\000\363\000n\000\040\000H\000i\000p\000e\000r\000g\000e\000o\000m\000\351\000t\000r\000i\000c\000a}{section.6}% 45
\BOOKMARK [3][-]{subsubsection.6.10.1}{\376\377\000T\000r\000a\000n\000s\000f\000o\000r\000m\000a\000d\000a\000\040\000I\000n\000v\000e\000r\000s\000a}{subsection.6.10}% 46
\BOOKMARK [3][-]{subsubsection.6.10.2}{\376\377\000M\000\351\000t\000o\000d\000o\000\040\000d\000e\000\040\000R\000e\000c\000h\000a\000z\000o}{subsection.6.10}% 47
\BOOKMARK [3][-]{subsubsection.6.10.3}{\376\377\000V\000i\000s\000u\000a\000l\000i\000z\000a\000c\000i\000\363\000n\000\040\000y\000\040\000T\000e\000s\000t\000e\000o}{subsection.6.10}% 48
\BOOKMARK [3][-]{subsubsection.6.10.4}{\376\377\000A\000n\000\341\000l\000i\000s\000i\000s\000\040\000C\000o\000m\000p\000a\000r\000a\000t\000i\000v\000o}{subsection.6.10}% 49
\BOOKMARK [2][-]{subsection.6.11}{\376\377\000D\000i\000s\000t\000r\000i\000b\000u\000c\000i\000\363\000n\000\040\000E\000m\000p\000\355\000r\000i\000c\000a\000\040\000D\000i\000s\000c\000r\000e\000t\000a}{section.6}% 50
\BOOKMARK [3][-]{subsubsection.6.11.1}{\376\377\000T\000r\000a\000n\000s\000f\000o\000r\000m\000a\000d\000a\000\040\000I\000n\000v\000e\000r\000s\000a}{subsection.6.11}% 51
\BOOKMARK [3][-]{subsubsection.6.11.2}{\376\377\000M\000\351\000t\000o\000d\000o\000\040\000d\000e\000\040\000R\000e\000c\000h\000a\000z\000o}{subsection.6.11}% 52
\BOOKMARK [3][-]{subsubsection.6.11.3}{\376\377\000V\000i\000s\000u\000a\000l\000i\000z\000a\000c\000i\000\363\000n\000\040\000y\000\040\000T\000e\000s\000t\000e\000o}{subsection.6.11}% 53
\BOOKMARK [3][-]{subsubsection.6.11.4}{\376\377\000A\000n\000\341\000l\000i\000s\000i\000s\000\040\000C\000o\000m\000p\000a\000r\000a\000t\000i\000v\000o}{subsection.6.11}% 54
